This is pdfTeX, Version 3.1415926-2.5-1.40.14 (TeX Live 2013) (format=pdflatex 2014.2.19)  6 JUN 2014 21:24
entering extended mode
 restricted \write18 enabled.
 file:line:error style messages enabled.
 %&-line parsing enabled.
**report.tex
(./report.tex
LaTeX2e <2011/06/27>
Babel <3.9f> and hyphenation patterns for 78 languages loaded.
(/usr/local/texlive/2013/texmf-dist/tex/latex/base/article.cls
Document Class: article 2007/10/19 v1.4h Standard LaTeX document class
(/usr/local/texlive/2013/texmf-dist/tex/latex/base/size11.clo
File: size11.clo 2007/10/19 v1.4h Standard LaTeX file (size option)
)
\c@part=\count79
\c@section=\count80
\c@subsection=\count81
\c@subsubsection=\count82
\c@paragraph=\count83
\c@subparagraph=\count84
\c@figure=\count85
\c@table=\count86
\abovecaptionskip=\skip41
\belowcaptionskip=\skip42
\bibindent=\dimen102
)
(/usr/local/texlive/2013/texmf-dist/tex/latex/graphics/color.sty
Package: color 2005/11/14 v1.0j Standard LaTeX Color (DPC)

(/usr/local/texlive/2013/texmf-dist/tex/latex/latexconfig/color.cfg
File: color.cfg 2007/01/18 v1.5 color configuration of teTeX/TeXLive
)
Package color Info: Driver file: pdftex.def on input line 130.

(/usr/local/texlive/2013/texmf-dist/tex/latex/pdftex-def/pdftex.def
File: pdftex.def 2011/05/27 v0.06d Graphics/color for pdfTeX

(/usr/local/texlive/2013/texmf-dist/tex/generic/oberdiek/infwarerr.sty
Package: infwarerr 2010/04/08 v1.3 Providing info/warning/error messages (HO)
)
(/usr/local/texlive/2013/texmf-dist/tex/generic/oberdiek/ltxcmds.sty
Package: ltxcmds 2011/11/09 v1.22 LaTeX kernel commands for general use (HO)
)
\Gread@gobject=\count87
))
(/usr/local/texlive/2013/texmf-dist/tex/latex/amsmath/amsmath.sty
Package: amsmath 2013/01/14 v2.14 AMS math features
\@mathmargin=\skip43

For additional information on amsmath, use the `?' option.
(/usr/local/texlive/2013/texmf-dist/tex/latex/amsmath/amstext.sty
Package: amstext 2000/06/29 v2.01

(/usr/local/texlive/2013/texmf-dist/tex/latex/amsmath/amsgen.sty
File: amsgen.sty 1999/11/30 v2.0
\@emptytoks=\toks14
\ex@=\dimen103
))
(/usr/local/texlive/2013/texmf-dist/tex/latex/amsmath/amsbsy.sty
Package: amsbsy 1999/11/29 v1.2d
\pmbraise@=\dimen104
)
(/usr/local/texlive/2013/texmf-dist/tex/latex/amsmath/amsopn.sty
Package: amsopn 1999/12/14 v2.01 operator names
)
\inf@bad=\count88
LaTeX Info: Redefining \frac on input line 210.
\uproot@=\count89
\leftroot@=\count90
LaTeX Info: Redefining \overline on input line 306.
\classnum@=\count91
\DOTSCASE@=\count92
LaTeX Info: Redefining \ldots on input line 378.
LaTeX Info: Redefining \dots on input line 381.
LaTeX Info: Redefining \cdots on input line 466.
\Mathstrutbox@=\box26
\strutbox@=\box27
\big@size=\dimen105
LaTeX Font Info:    Redeclaring font encoding OML on input line 566.
LaTeX Font Info:    Redeclaring font encoding OMS on input line 567.
\macc@depth=\count93
\c@MaxMatrixCols=\count94
\dotsspace@=\muskip10
\c@parentequation=\count95
\dspbrk@lvl=\count96
\tag@help=\toks15
\row@=\count97
\column@=\count98
\maxfields@=\count99
\andhelp@=\toks16
\eqnshift@=\dimen106
\alignsep@=\dimen107
\tagshift@=\dimen108
\tagwidth@=\dimen109
\totwidth@=\dimen110
\lineht@=\dimen111
\@envbody=\toks17
\multlinegap=\skip44
\multlinetaggap=\skip45
\mathdisplay@stack=\toks18
LaTeX Info: Redefining \[ on input line 2665.
LaTeX Info: Redefining \] on input line 2666.
)
(/usr/local/texlive/2013/texmf-dist/tex/latex/amsfonts/amssymb.sty
Package: amssymb 2013/01/14 v3.01 AMS font symbols

(/usr/local/texlive/2013/texmf-dist/tex/latex/amsfonts/amsfonts.sty
Package: amsfonts 2013/01/14 v3.01 Basic AMSFonts support
\symAMSa=\mathgroup4
\symAMSb=\mathgroup5
LaTeX Font Info:    Overwriting math alphabet `\mathfrak' in version `bold'
(Font)                  U/euf/m/n --> U/euf/b/n on input line 106.
))
(/usr/local/texlive/2013/texmf-dist/tex/latex/graphics/graphicx.sty
Package: graphicx 1999/02/16 v1.0f Enhanced LaTeX Graphics (DPC,SPQR)

(/usr/local/texlive/2013/texmf-dist/tex/latex/graphics/keyval.sty
Package: keyval 1999/03/16 v1.13 key=value parser (DPC)
\KV@toks@=\toks19
)
(/usr/local/texlive/2013/texmf-dist/tex/latex/graphics/graphics.sty
Package: graphics 2009/02/05 v1.0o Standard LaTeX Graphics (DPC,SPQR)

(/usr/local/texlive/2013/texmf-dist/tex/latex/graphics/trig.sty
Package: trig 1999/03/16 v1.09 sin cos tan (DPC)
)
(/usr/local/texlive/2013/texmf-dist/tex/latex/latexconfig/graphics.cfg
File: graphics.cfg 2010/04/23 v1.9 graphics configuration of TeX Live
)
Package graphics Info: Driver file: pdftex.def on input line 91.
)
\Gin@req@height=\dimen112
\Gin@req@width=\dimen113
)
(/usr/local/texlive/2013/texmf-dist/tex/latex/base/alltt.sty
Package: alltt 1997/06/16 v2.0g defines alltt environment
)
(/usr/local/texlive/2013/texmf-dist/tex/latex/caption/caption.sty
Package: caption 2013/05/02 v3.3-89 Customizing captions (AR)

(/usr/local/texlive/2013/texmf-dist/tex/latex/caption/caption3.sty
Package: caption3 2013/05/02 v1.6-88 caption3 kernel (AR)
Package caption3 Info: TeX engine: e-TeX on input line 57.
\captionmargin=\dimen114
\captionmargin@=\dimen115
\captionwidth=\dimen116
\caption@tempdima=\dimen117
\caption@indent=\dimen118
\caption@parindent=\dimen119
\caption@hangindent=\dimen120
)
\c@ContinuedFloat=\count100
)
(/usr/local/texlive/2013/texmf-dist/tex/latex/caption/subcaption.sty
Package: subcaption 2013/02/03 v1.1-62 Sub-captions (AR)
\c@subfigure=\count101
\c@subtable=\count102
)
(/usr/local/texlive/2013/texmf-dist/tex/latex/oberdiek/epstopdf.sty
Package: epstopdf 2010/02/09 v2.5 Conversion with epstopdf on the fly (HO)

(/usr/local/texlive/2013/texmf-dist/tex/latex/oberdiek/epstopdf-base.sty
Package: epstopdf-base 2010/02/09 v2.5 Base part for package epstopdf

(/usr/local/texlive/2013/texmf-dist/tex/latex/oberdiek/grfext.sty
Package: grfext 2010/08/19 v1.1 Manage graphics extensions (HO)

(/usr/local/texlive/2013/texmf-dist/tex/generic/oberdiek/kvdefinekeys.sty
Package: kvdefinekeys 2011/04/07 v1.3 Define keys (HO)
))
(/usr/local/texlive/2013/texmf-dist/tex/latex/oberdiek/kvoptions.sty
Package: kvoptions 2011/06/30 v3.11 Key value format for package options (HO)

(/usr/local/texlive/2013/texmf-dist/tex/generic/oberdiek/kvsetkeys.sty
Package: kvsetkeys 2012/04/25 v1.16 Key value parser (HO)

(/usr/local/texlive/2013/texmf-dist/tex/generic/oberdiek/etexcmds.sty
Package: etexcmds 2011/02/16 v1.5 Avoid name clashes with e-TeX commands (HO)

(/usr/local/texlive/2013/texmf-dist/tex/generic/oberdiek/ifluatex.sty
Package: ifluatex 2010/03/01 v1.3 Provides the ifluatex switch (HO)
Package ifluatex Info: LuaTeX not detected.
)
Package etexcmds Info: Could not find \expanded.
(etexcmds)             That can mean that you are not using pdfTeX 1.50 or
(etexcmds)             that some package has redefined \expanded.
(etexcmds)             In the latter case, load this package earlier.
)))
(/usr/local/texlive/2013/texmf-dist/tex/generic/oberdiek/pdftexcmds.sty
Package: pdftexcmds 2011/11/29 v0.20 Utility functions of pdfTeX for LuaTeX (HO
)

(/usr/local/texlive/2013/texmf-dist/tex/generic/oberdiek/ifpdf.sty
Package: ifpdf 2011/01/30 v2.3 Provides the ifpdf switch (HO)
Package ifpdf Info: pdfTeX in PDF mode is detected.
)
Package pdftexcmds Info: LuaTeX not detected.
Package pdftexcmds Info: \pdf@primitive is available.
Package pdftexcmds Info: \pdf@ifprimitive is available.
Package pdftexcmds Info: \pdfdraftmode found.
)
Package grfext Info: Graphics extension search list:
(grfext)             [.png,.pdf,.jpg,.mps,.jpeg,.jbig2,.jb2,.PNG,.PDF,.JPG,.JPE
G,.JBIG2,.JB2,.eps]
(grfext)             \AppendGraphicsExtensions on input line 452.

(/usr/local/texlive/2013/texmf-dist/tex/latex/latexconfig/epstopdf-sys.cfg
File: epstopdf-sys.cfg 2010/07/13 v1.3 Configuration of (r)epstopdf for TeX Liv
e
)))
(/usr/local/texlive/2013/texmf-dist/tex/latex/multirow/multirow.sty
\bigstrutjot=\dimen121
)
(/usr/local/texlive/2013/texmf-dist/tex/latex/placeins/placeins.sty
Package: placeins 2005/04/18  v 2.2
)
(/usr/local/texlive/2013/texmf-dist/tex/latex/rotating/rotating.sty
Package: rotating 2009/03/28 v2.16a rotated objects in LaTeX

(/usr/local/texlive/2013/texmf-dist/tex/latex/base/ifthen.sty
Package: ifthen 2001/05/26 v1.1c Standard LaTeX ifthen package (DPC)
)
\c@r@tfl@t=\count103
\rotFPtop=\skip46
\rotFPbot=\skip47
\rot@float@box=\box28
\rot@mess@toks=\toks20
) (./report.aux)
\openout1 = `report.aux'.

LaTeX Font Info:    Checking defaults for OML/cmm/m/it on input line 21.
LaTeX Font Info:    ... okay on input line 21.
LaTeX Font Info:    Checking defaults for T1/cmr/m/n on input line 21.
LaTeX Font Info:    ... okay on input line 21.
LaTeX Font Info:    Checking defaults for OT1/cmr/m/n on input line 21.
LaTeX Font Info:    ... okay on input line 21.
LaTeX Font Info:    Checking defaults for OMS/cmsy/m/n on input line 21.
LaTeX Font Info:    ... okay on input line 21.
LaTeX Font Info:    Checking defaults for OMX/cmex/m/n on input line 21.
LaTeX Font Info:    ... okay on input line 21.
LaTeX Font Info:    Checking defaults for U/cmr/m/n on input line 21.
LaTeX Font Info:    ... okay on input line 21.

(/usr/local/texlive/2013/texmf-dist/tex/context/base/supp-pdf.mkii
[Loading MPS to PDF converter (version 2006.09.02).]
\scratchcounter=\count104
\scratchdimen=\dimen122
\scratchbox=\box29
\nofMPsegments=\count105
\nofMParguments=\count106
\everyMPshowfont=\toks21
\MPscratchCnt=\count107
\MPscratchDim=\dimen123
\MPnumerator=\count108
\makeMPintoPDFobject=\count109
\everyMPtoPDFconversion=\toks22
)
Package caption Info: Begin \AtBeginDocument code.
Package caption Info: rotating package is loaded.
Package caption Info: End \AtBeginDocument code.
LaTeX Font Info:    Try loading font information for U+msa on input line 22.
 (/usr/local/texlive/2013/texmf-dist/tex/latex/amsfonts/umsa.fd
File: umsa.fd 2013/01/14 v3.01 AMS symbols A
)
LaTeX Font Info:    Try loading font information for U+msb on input line 22.

(/usr/local/texlive/2013/texmf-dist/tex/latex/amsfonts/umsb.fd
File: umsb.fd 2013/01/14 v3.01 AMS symbols B
)
<figures/picture1.png, id=1, 511.9125pt x 105.39375pt>
File: figures/picture1.png Graphic file (type png)

<use figures/picture1.png>
Package pdftex.def Info: figures/picture1.png used on input line 48.
(pdftex.def)             Requested size: 360.0pt x 74.11765pt.
 [1

{/usr/local/texlive/2013/texmf-var/fonts/map/pdftex/updmap/pdftex.map} <./figur
es/picture1.png>]
<figures/picture2.png, id=13, 383.93437pt x 80.55093pt>
File: figures/picture2.png Graphic file (type png)

<use figures/picture2.png>
Package pdftex.def Info: figures/picture2.png used on input line 81.
(pdftex.def)             Requested size: 360.0pt x 75.53474pt.

Overfull \hbox (2.90007pt too wide) in paragraph at lines 88--89
[]\OT1/cmr/m/n/10.95 The set of pa-ram-e-ters to be de-ter-mined in this model 
is : $[]$. 
 []

Package epstopdf Info: Source file: <figures/FluData.eps>
(epstopdf)                    date: 2014-05-27 20:49:59
(epstopdf)                    size: 12231 bytes
(epstopdf)             Output file: <figures/FluData-eps-converted-to.pdf>
(epstopdf)                    date: 2014-06-06 17:37:13
(epstopdf)                    size: 8379 bytes
(epstopdf)             Command: <repstopdf --outfile=figures/FluData-eps-conver
ted-to.pdf figures/FluData.eps>
(epstopdf)             \includegraphics on input line 97.
Package epstopdf Info: Output file is already uptodate.
<figures/FluData-eps-converted-to.pdf, id=14, 561.09625pt x 421.575pt>
File: figures/FluData-eps-converted-to.pdf Graphic file (type pdf)

<use figures/FluData-eps-converted-to.pdf>
Package pdftex.def Info: figures/FluData-eps-converted-to.pdf used on input lin
e 97.
(pdftex.def)             Requested size: 360.0pt x 270.4825pt.


LaTeX Warning: `h' float specifier changed to `ht'.

[2 <./figures/picture2.png>] [3 <./figures/FluData-eps-converted-to.pdf>]
LaTeX Font Info:    Try loading font information for OMS+cmr on input line 126.


(/usr/local/texlive/2013/texmf-dist/tex/latex/base/omscmr.fd
File: omscmr.fd 1999/05/25 v2.5h Standard LaTeX font definitions
)
LaTeX Font Info:    Font shape `OMS/cmr/m/n' in size <10.95> not available
(Font)              Font shape `OMS/cmsy/m/n' tried instead on input line 126.
Package epstopdf Info: Source file: <figures/SIR_posterior_season1.eps>
(epstopdf)                    date: 2014-06-03 15:28:54
(epstopdf)                    size: 12513 bytes
(epstopdf)             Output file: <figures/SIR_posterior_season1-eps-converte
d-to.pdf>
(epstopdf)                    date: 2014-06-06 21:13:17
(epstopdf)                    size: 8839 bytes
(epstopdf)             Command: <repstopdf --outfile=figures/SIR_posterior_seas
on1-eps-converted-to.pdf figures/SIR_posterior_season1.eps>
(epstopdf)             \includegraphics on input line 180.
Package epstopdf Info: Output file is already uptodate.

<figures/SIR_posterior_season1-eps-converted-to.pdf, id=32, 561.09625pt x 421.5
75pt>
File: figures/SIR_posterior_season1-eps-converted-to.pdf Graphic file (type pdf
)
 <use figures/SIR_posterior_season1-eps-converted-to.pdf>
Package pdftex.def Info: figures/SIR_posterior_season1-eps-converted-to.pdf use
d on input line 180.
(pdftex.def)             Requested size: 198.24449pt x 148.95006pt.
Package epstopdf Info: Source file: <figures/SIR_posterior_season2.eps>
(epstopdf)                    date: 2014-05-27 23:00:12
(epstopdf)                    size: 12682 bytes
(epstopdf)             Output file: <figures/SIR_posterior_season2-eps-converte
d-to.pdf>
(epstopdf)                    date: 2014-06-06 21:13:18
(epstopdf)                    size: 8868 bytes
(epstopdf)             Command: <repstopdf --outfile=figures/SIR_posterior_seas
on2-eps-converted-to.pdf figures/SIR_posterior_season2.eps>
(epstopdf)             \includegraphics on input line 183.
Package epstopdf Info: Output file is already uptodate.

<figures/SIR_posterior_season2-eps-converted-to.pdf, id=33, 561.09625pt x 421.5
75pt>
File: figures/SIR_posterior_season2-eps-converted-to.pdf Graphic file (type pdf
)
 <use figures/SIR_posterior_season2-eps-converted-to.pdf>
Package pdftex.def Info: figures/SIR_posterior_season2-eps-converted-to.pdf use
d on input line 183.
(pdftex.def)             Requested size: 198.24449pt x 148.95006pt.
Package epstopdf Info: Source file: <figures/SIR_posterior_season3.eps>
(epstopdf)                    date: 2014-05-27 19:26:11
(epstopdf)                    size: 12566 bytes
(epstopdf)             Output file: <figures/SIR_posterior_season3-eps-converte
d-to.pdf>
(epstopdf)                    date: 2014-06-06 21:13:19
(epstopdf)                    size: 8892 bytes
(epstopdf)             Command: <repstopdf --outfile=figures/SIR_posterior_seas
on3-eps-converted-to.pdf figures/SIR_posterior_season3.eps>
(epstopdf)             \includegraphics on input line 186.
Package epstopdf Info: Output file is already uptodate.

<figures/SIR_posterior_season3-eps-converted-to.pdf, id=34, 561.09625pt x 421.5
75pt>
File: figures/SIR_posterior_season3-eps-converted-to.pdf Graphic file (type pdf
)
 <use figures/SIR_posterior_season3-eps-converted-to.pdf>
Package pdftex.def Info: figures/SIR_posterior_season3-eps-converted-to.pdf use
d on input line 186.
(pdftex.def)             Requested size: 198.24449pt x 148.95006pt.
 [4]
Package epstopdf Info: Source file: <figures/SIR_prediction_season1.eps>
(epstopdf)                    date: 2014-05-27 18:57:03
(epstopdf)                    size: 10981 bytes
(epstopdf)             Output file: <figures/SIR_prediction_season1-eps-convert
ed-to.pdf>
(epstopdf)                    date: 2014-06-06 21:13:21
(epstopdf)                    size: 8990 bytes
(epstopdf)             Command: <repstopdf --outfile=figures/SIR_prediction_sea
son1-eps-converted-to.pdf figures/SIR_prediction_season1.eps>
(epstopdf)             \includegraphics on input line 198.
Package epstopdf Info: Output file is already uptodate.

<figures/SIR_prediction_season1-eps-converted-to.pdf, id=39, 561.09625pt x 421.
575pt>
File: figures/SIR_prediction_season1-eps-converted-to.pdf Graphic file (type pd
f)
 <use figures/SIR_prediction_season1-eps-converted-to.pdf>
Package pdftex.def Info: figures/SIR_prediction_season1-eps-converted-to.pdf us
ed on input line 198.
(pdftex.def)             Requested size: 198.24449pt x 148.95006pt.

<figures/SIR_prediction_season2.pdf, id=40, 549.92513pt x 445.5055pt>
File: figures/SIR_prediction_season2.pdf Graphic file (type pdf)

<use figures/SIR_prediction_season2.pdf>
Package pdftex.def Info: figures/SIR_prediction_season2.pdf used on input line 
201.
(pdftex.def)             Requested size: 183.85893pt x 148.95006pt.
Package epstopdf Info: Source file: <figures/SIR_prediction_season3.eps>
(epstopdf)                    date: 2014-05-27 19:29:00
(epstopdf)                    size: 10601 bytes
(epstopdf)             Output file: <figures/SIR_prediction_season3-eps-convert
ed-to.pdf>
(epstopdf)                    date: 2014-06-06 21:13:22
(epstopdf)                    size: 8837 bytes
(epstopdf)             Command: <repstopdf --outfile=figures/SIR_prediction_sea
son3-eps-converted-to.pdf figures/SIR_prediction_season3.eps>
(epstopdf)             \includegraphics on input line 204.
Package epstopdf Info: Output file is already uptodate.

<figures/SIR_prediction_season3-eps-converted-to.pdf, id=41, 561.09625pt x 421.
575pt>
File: figures/SIR_prediction_season3-eps-converted-to.pdf Graphic file (type pd
f)
 <use figures/SIR_prediction_season3-eps-converted-to.pdf>
Package pdftex.def Info: figures/SIR_prediction_season3-eps-converted-to.pdf us
ed on input line 204.
(pdftex.def)             Requested size: 198.24449pt x 148.95006pt.


LaTeX Warning: `h' float specifier changed to `ht'.

Package epstopdf Info: Source file: <figures/SEIR_posterior_season1.eps>
(epstopdf)                    date: 2014-06-03 11:17:24
(epstopdf)                    size: 15072 bytes
(epstopdf)             Output file: <figures/SEIR_posterior_season1-eps-convert
ed-to.pdf>
(epstopdf)                    date: 2014-06-06 21:13:24
(epstopdf)                    size: 10230 bytes
(epstopdf)             Command: <repstopdf --outfile=figures/SEIR_posterior_sea
son1-eps-converted-to.pdf figures/SEIR_posterior_season1.eps>
(epstopdf)             \includegraphics on input line 245.
Package epstopdf Info: Output file is already uptodate.

<figures/SEIR_posterior_season1-eps-converted-to.pdf, id=42, 561.09625pt x 421.
575pt>
File: figures/SEIR_posterior_season1-eps-converted-to.pdf Graphic file (type pd
f)
 <use figures/SEIR_posterior_season1-eps-converted-to.pdf>
Package pdftex.def Info: figures/SEIR_posterior_season1-eps-converted-to.pdf us
ed on input line 245.
(pdftex.def)             Requested size: 198.24449pt x 148.95006pt.
Package epstopdf Info: Source file: <figures/SEIR_posterior_season2.eps>
(epstopdf)                    date: 2014-06-03 15:13:21
(epstopdf)                    size: 15022 bytes
(epstopdf)             Output file: <figures/SEIR_posterior_season2-eps-convert
ed-to.pdf>
(epstopdf)                    date: 2014-06-06 21:13:25
(epstopdf)                    size: 10099 bytes
(epstopdf)             Command: <repstopdf --outfile=figures/SEIR_posterior_sea
son2-eps-converted-to.pdf figures/SEIR_posterior_season2.eps>
(epstopdf)             \includegraphics on input line 248.
Package epstopdf Info: Output file is already uptodate.

<figures/SEIR_posterior_season2-eps-converted-to.pdf, id=43, 561.09625pt x 421.
575pt>
File: figures/SEIR_posterior_season2-eps-converted-to.pdf Graphic file (type pd
f)
 <use figures/SEIR_posterior_season2-eps-converted-to.pdf>
Package pdftex.def Info: figures/SEIR_posterior_season2-eps-converted-to.pdf us
ed on input line 248.
(pdftex.def)             Requested size: 198.24449pt x 148.95006pt.
Package epstopdf Info: Source file: <figures/SEIR_posterior_season3.eps>
(epstopdf)                    date: 2014-06-03 11:46:36
(epstopdf)                    size: 15251 bytes
(epstopdf)             Output file: <figures/SEIR_posterior_season3-eps-convert
ed-to.pdf>
(epstopdf)                    date: 2014-06-06 21:13:26
(epstopdf)                    size: 10511 bytes
(epstopdf)             Command: <repstopdf --outfile=figures/SEIR_posterior_sea
son3-eps-converted-to.pdf figures/SEIR_posterior_season3.eps>
(epstopdf)             \includegraphics on input line 251.
Package epstopdf Info: Output file is already uptodate.

<figures/SEIR_posterior_season3-eps-converted-to.pdf, id=44, 561.09625pt x 421.
575pt>
File: figures/SEIR_posterior_season3-eps-converted-to.pdf Graphic file (type pd
f)
 <use figures/SEIR_posterior_season3-eps-converted-to.pdf>
Package pdftex.def Info: figures/SEIR_posterior_season3-eps-converted-to.pdf us
ed on input line 251.
(pdftex.def)             Requested size: 198.24449pt x 148.95006pt.
Package epstopdf Info: Source file: <figures/SEIR_prediction_season1.eps>
(epstopdf)                    date: 2014-06-03 11:34:20
(epstopdf)                    size: 10988 bytes
(epstopdf)             Output file: <figures/SEIR_prediction_season1-eps-conver
ted-to.pdf>
(epstopdf)                    date: 2014-06-06 21:13:27
(epstopdf)                    size: 9032 bytes
(epstopdf)             Command: <repstopdf --outfile=figures/SEIR_prediction_se
ason1-eps-converted-to.pdf figures/SEIR_prediction_season1.eps>
(epstopdf)             \includegraphics on input line 272.
Package epstopdf Info: Output file is already uptodate.

<figures/SEIR_prediction_season1-eps-converted-to.pdf, id=45, 561.09625pt x 421
.575pt>
File: figures/SEIR_prediction_season1-eps-converted-to.pdf Graphic file (type p
df)
 <use figures/SEIR_prediction_season1-eps-converted-to.pdf>
Package pdftex.def Info: figures/SEIR_prediction_season1-eps-converted-to.pdf u
sed on input line 272.
(pdftex.def)             Requested size: 198.24449pt x 148.95006pt.
Package epstopdf Info: Source file: <figures/SEIR_prediction_season2.eps>
(epstopdf)                    date: 2014-06-03 15:13:21
(epstopdf)                    size: 10645 bytes
(epstopdf)             Output file: <figures/SEIR_prediction_season2-eps-conver
ted-to.pdf>
(epstopdf)                    date: 2014-06-06 21:13:29
(epstopdf)                    size: 8743 bytes
(epstopdf)             Command: <repstopdf --outfile=figures/SEIR_prediction_se
ason2-eps-converted-to.pdf figures/SEIR_prediction_season2.eps>
(epstopdf)             \includegraphics on input line 275.
Package epstopdf Info: Output file is already uptodate.

<figures/SEIR_prediction_season2-eps-converted-to.pdf, id=46, 561.09625pt x 421
.575pt>
File: figures/SEIR_prediction_season2-eps-converted-to.pdf Graphic file (type p
df)
 <use figures/SEIR_prediction_season2-eps-converted-to.pdf>
Package pdftex.def Info: figures/SEIR_prediction_season2-eps-converted-to.pdf u
sed on input line 275.
(pdftex.def)             Requested size: 198.24449pt x 148.95006pt.

<figures/SEIR_prediction_season3.pdf, id=47, 542.77266pt x 437.20398pt>
File: figures/SEIR_prediction_season3.pdf Graphic file (type pdf)

<use figures/SEIR_prediction_season3.pdf>
Package pdftex.def Info: figures/SEIR_prediction_season3.pdf used on input line
 278.
(pdftex.def)             Requested size: 184.92123pt x 148.95006pt.


LaTeX Warning: `h' float specifier changed to `ht'.


LaTeX Warning: `h' float specifier changed to `ht'.

Package epstopdf Info: Source file: <figures/SIR_posterior_season1_m=0.eps>
(epstopdf)                    date: 2014-05-27 21:37:57
(epstopdf)                    size: 10942 bytes
(epstopdf)             Output file: <figures/SIR_posterior_season1_m=0-eps-conv
erted-to.pdf>
(epstopdf)                    date: 2014-06-06 21:13:30
(epstopdf)                    size: 7562 bytes
(epstopdf)             Command: <repstopdf --outfile=figures/SIR_posterior_seas
on1_m=0-eps-converted-to.pdf figures/SIR_posterior_season1_m=0.eps>
(epstopdf)             \includegraphics on input line 317.
Package epstopdf Info: Output file is already uptodate.

<figures/SIR_posterior_season1_m=0-eps-converted-to.pdf, id=48, 561.09625pt x 4
21.575pt>
File: figures/SIR_posterior_season1_m=0-eps-converted-to.pdf Graphic file (type
 pdf)
 <use figures/SIR_posterior_season1_m=0-eps-converted-to.pdf>
Package pdftex.def Info: figures/SIR_posterior_season1_m=0-eps-converted-to.pdf
 used on input line 317.
(pdftex.def)             Requested size: 198.24449pt x 148.95006pt.
Package epstopdf Info: Source file: <figures/SIR_posterior_season2_m=0.eps>
(epstopdf)                    date: 2014-05-27 21:50:18
(epstopdf)                    size: 11037 bytes
(epstopdf)             Output file: <figures/SIR_posterior_season2_m=0-eps-conv
erted-to.pdf>
(epstopdf)                    date: 2014-06-06 21:13:31
(epstopdf)                    size: 7826 bytes
(epstopdf)             Command: <repstopdf --outfile=figures/SIR_posterior_seas
on2_m=0-eps-converted-to.pdf figures/SIR_posterior_season2_m=0.eps>
(epstopdf)             \includegraphics on input line 320.
Package epstopdf Info: Output file is already uptodate.

<figures/SIR_posterior_season2_m=0-eps-converted-to.pdf, id=49, 561.09625pt x 4
21.575pt>
File: figures/SIR_posterior_season2_m=0-eps-converted-to.pdf Graphic file (type
 pdf)
 <use figures/SIR_posterior_season2_m=0-eps-converted-to.pdf>
Package pdftex.def Info: figures/SIR_posterior_season2_m=0-eps-converted-to.pdf
 used on input line 320.
(pdftex.def)             Requested size: 198.24449pt x 148.95006pt.
Package epstopdf Info: Source file: <figures/SIR_posterior_season3_m=0.eps>
(epstopdf)                    date: 2014-05-27 22:44:58
(epstopdf)                    size: 10996 bytes
(epstopdf)             Output file: <figures/SIR_posterior_season3_m=0-eps-conv
erted-to.pdf>
(epstopdf)                    date: 2014-06-06 21:13:32
(epstopdf)                    size: 7848 bytes
(epstopdf)             Command: <repstopdf --outfile=figures/SIR_posterior_seas
on3_m=0-eps-converted-to.pdf figures/SIR_posterior_season3_m=0.eps>
(epstopdf)             \includegraphics on input line 323.
Package epstopdf Info: Output file is already uptodate.

<figures/SIR_posterior_season3_m=0-eps-converted-to.pdf, id=50, 561.09625pt x 4
21.575pt>
File: figures/SIR_posterior_season3_m=0-eps-converted-to.pdf Graphic file (type
 pdf)
 <use figures/SIR_posterior_season3_m=0-eps-converted-to.pdf>
Package pdftex.def Info: figures/SIR_posterior_season3_m=0-eps-converted-to.pdf
 used on input line 323.
(pdftex.def)             Requested size: 198.24449pt x 148.95006pt.
 [5]
Package epstopdf Info: Source file: <figures/SIR_prediction_season1_m=0.eps>
(epstopdf)                    date: 2014-05-27 21:35:22
(epstopdf)                    size: 10990 bytes
(epstopdf)             Output file: <figures/SIR_prediction_season1_m=0-eps-con
verted-to.pdf>
(epstopdf)                    date: 2014-06-06 21:13:34
(epstopdf)                    size: 9037 bytes
(epstopdf)             Command: <repstopdf --outfile=figures/SIR_prediction_sea
son1_m=0-eps-converted-to.pdf figures/SIR_prediction_season1_m=0.eps>
(epstopdf)             \includegraphics on input line 335.
Package epstopdf Info: Output file is already uptodate.

<figures/SIR_prediction_season1_m=0-eps-converted-to.pdf, id=54, 561.09625pt x 
421.575pt>
File: figures/SIR_prediction_season1_m=0-eps-converted-to.pdf Graphic file (typ
e pdf)
 <use figures/SIR_prediction_season1_m=0-eps-converted-to.pdf>
Package pdftex.def Info: figures/SIR_prediction_season1_m=0-eps-converted-to.pd
f used on input line 335.
(pdftex.def)             Requested size: 198.24449pt x 148.95006pt.
Package epstopdf Info: Source file: <figures/SIR_prediction_season2_m=0.eps>
(epstopdf)                    date: 2014-05-27 23:06:15
(epstopdf)                    size: 10862 bytes
(epstopdf)             Output file: <figures/SIR_prediction_season2_m=0-eps-con
verted-to.pdf>
(epstopdf)                    date: 2014-06-06 21:13:35
(epstopdf)                    size: 9011 bytes
(epstopdf)             Command: <repstopdf --outfile=figures/SIR_prediction_sea
son2_m=0-eps-converted-to.pdf figures/SIR_prediction_season2_m=0.eps>
(epstopdf)             \includegraphics on input line 338.
Package epstopdf Info: Output file is already uptodate.

<figures/SIR_prediction_season2_m=0-eps-converted-to.pdf, id=55, 561.09625pt x 
421.575pt>
File: figures/SIR_prediction_season2_m=0-eps-converted-to.pdf Graphic file (typ
e pdf)
 <use figures/SIR_prediction_season2_m=0-eps-converted-to.pdf>
Package pdftex.def Info: figures/SIR_prediction_season2_m=0-eps-converted-to.pd
f used on input line 338.
(pdftex.def)             Requested size: 198.24449pt x 148.95006pt.

<figures/SIR_prediction_season3_m=0.pdf, id=56, 540.49396pt x 442.97125pt>
File: figures/SIR_prediction_season3_m=0.pdf Graphic file (type pdf)

<use figures/SIR_prediction_season3_m=0.pdf>
Package pdftex.def Info: figures/SIR_prediction_season3_m=0.pdf used on input l
ine 341.
(pdftex.def)             Requested size: 181.73668pt x 148.95006pt.


LaTeX Warning: `h' float specifier changed to `ht'.

[6] (./report.bbl
Underfull \hbox (badness 1668) in paragraph at lines 4--10
[]\OT1/cmr/m/n/10.95 Eduardo Azziz Baum-gart-ner, Chris-tine N Dao, Shar-ifa Na
s-reen,
 []

) [7] [8] [9

 <./figures/SIR_posterior_season1-eps-converted-to.pdf> <./figures/SIR_posterio
r_season2-eps-converted-to.pdf> <./figures/SIR_posterior_season3-eps-converted-
to.pdf>] [10

 <./figures/SIR_prediction_season1-eps-converted-to.pdf> <./figures/SIR_predict
ion_season2.pdf> <./figures/SIR_prediction_season3-eps-converted-to.pdf>] [11


] [12

 <./figures/SEIR_posterior_season1-eps-converted-to.pdf> <./figures/SEIR_poster
ior_season2-eps-converted-to.pdf> <./figures/SEIR_posterior_season3-eps-convert
ed-to.pdf>] [13

 <./figures/SEIR_prediction_season1-eps-converted-to.pdf> <./figures/SEIR_predi
ction_season2-eps-converted-to.pdf> <./figures/SEIR_prediction_season3.pdf>] [1
4

 <./figures/SIR_posterior_season1_m=0-eps-converted-to.pdf> <./figures/SIR_post
erior_season2_m=0-eps-converted-to.pdf> <./figures/SIR_posterior_season3_m=0-ep
s-converted-to.pdf>] [15

 <./figures/SIR_prediction_season1_m=0-eps-converted-to.pdf> <./figures/SIR_pre
diction_season2_m=0-eps-converted-to.pdf> <./figures/SIR_prediction_season3_m=0
.pdf>]
[16


] [17

] (./report.aux) ) 
Here is how much of TeX's memory you used:
 3830 strings out of 493315
 60050 string characters out of 6137904
 152477 words of memory out of 5000000
 7194 multiletter control sequences out of 15000+600000
 11698 words of font info for 44 fonts, out of 8000000 for 9000
 957 hyphenation exceptions out of 8191
 42i,13n,38p,693b,351s stack positions out of 5000i,500n,10000p,200000b,80000s
</usr/local/texlive/2013/texmf-dist/fonts/type1/public/amsfon
ts/cm/cmbx10.pfb></usr/local/texlive/2013/texmf-dist/fonts/type1/public/amsfont
s/cm/cmbx12.pfb></usr/local/texlive/2013/texmf-dist/fonts/type1/public/amsfonts
/cm/cmex10.pfb></usr/local/texlive/2013/texmf-dist/fonts/type1/public/amsfonts/
cm/cmmi10.pfb></usr/local/texlive/2013/texmf-dist/fonts/type1/public/amsfonts/c
m/cmmi6.pfb></usr/local/texlive/2013/texmf-dist/fonts/type1/public/amsfonts/cm/
cmmi8.pfb></usr/local/texlive/2013/texmf-dist/fonts/type1/public/amsfonts/cm/cm
r10.pfb></usr/local/texlive/2013/texmf-dist/fonts/type1/public/amsfonts/cm/cmr1
2.pfb></usr/local/texlive/2013/texmf-dist/fonts/type1/public/amsfonts/cm/cmr17.
pfb></usr/local/texlive/2013/texmf-dist/fonts/type1/public/amsfonts/cm/cmr6.pfb
></usr/local/texlive/2013/texmf-dist/fonts/type1/public/amsfonts/cm/cmr8.pfb></
usr/local/texlive/2013/texmf-dist/fonts/type1/public/amsfonts/cm/cmsy10.pfb></u
sr/local/texlive/2013/texmf-dist/fonts/type1/public/amsfonts/cm/cmsy8.pfb></usr
/local/texlive/2013/texmf-dist/fonts/type1/public/amsfonts/cm/cmti10.pfb>
Output written on report.pdf (17 pages, 398535 bytes).
PDF statistics:
 317 PDF objects out of 1000 (max. 8388607)
 223 compressed objects within 3 object streams
 0 named destinations out of 1000 (max. 500000)
 106 words of extra memory for PDF output out of 10000 (max. 10000000)

